<?xml version="1.0" encoding="UTF-8"?>
<!-- Generated by org.testng.reporters.JUnitXMLReporter -->
<testsuite ignored="5" hostname="Shruthi" failures="1" tests="5" name="APITests" time="21.457" errors="0" timestamp="20 Apr 2023 22:57:00 GMT">
  <testcase classname="tests.LoginTests" name="loginTests_TC01" time="2.408"/>
  <testcase classname="tests.AddDataTest" name="addDataTests_TC02" time="2.15"/>
  <testcase classname="tests.GetDataTest" name="getDataTest_TC01" time="12.283">
    <failure type="java.lang.ClassCastException" message="class java.util.LinkedHashMap cannot be cast to class java.lang.String (java.util.LinkedHashMap and java.lang.String are in module java.base of loader &amp;apos;bootstrap&amp;apos;)">
      <![CDATA[java.lang.ClassCastException: class java.util.LinkedHashMap cannot be cast to class java.lang.String (java.util.LinkedHashMap and java.lang.String are in module java.base of loader 'bootstrap')
	at rest_utils.RestUtils.deSerializeJson(RestUtils.java:112)
	at tests.GetDataTest.getDataTest_TC01(GetDataTest.java:31)
... Removed 25 stack frames]]>
    </failure>
  </testcase> <!-- getDataTest_TC01 -->
  <testcase classname="tests.UpdateDataTests" name="addDataTests_TC01" time="2.859"/>
  <testcase classname="tests.DeleteDataTests" name="addDataTests_TC01" time="1.716"/>
  <testcase classname="tests.AddDataTest" name="addDataTests_TC01" time="0.0">
    <ignored/>
  </testcase> <!-- addDataTests_TC01 -->
  <testcase classname="tests.BaseTest" name="@BeforeSuite setup" time="0.0">
    <ignored/>
  </testcase> <!-- @BeforeSuite setup -->
  <testcase classname="tests.BaseTest" name="@BeforeSuite setup" time="0.0">
    <ignored/>
  </testcase> <!-- @BeforeSuite setup -->
  <testcase classname="tests.BaseTest" name="@BeforeSuite setup" time="0.0">
    <ignored/>
  </testcase> <!-- @BeforeSuite setup -->
  <testcase classname="tests.BaseTest" name="@BeforeSuite setup" time="0.0">
    <ignored/>
  </testcase> <!-- @BeforeSuite setup -->
</testsuite> <!-- APITests -->
