<?xml version="1.0" encoding="UTF-8"?>
<testng-results ignored="0" total="1" passed="1" failed="0" skipped="0">
  <reporter-output>
  </reporter-output>
  <suite started-at="2023-04-20T23:50:49Z" name="Default suite" finished-at="2023-04-20T23:50:53Z" duration-ms="4831">
    <groups>
    </groups>
    <test started-at="2023-04-20T23:50:49Z" name="Default test" finished-at="2023-04-20T23:50:53Z" duration-ms="4831">
      <class name="tests.DeleteDataTests">
        <test-method is-config="true" signature="setup()[pri:0, instance:tests.DeleteDataTests@14bee915]" started-at="2023-04-20T16:50:49Z" name="setup" finished-at="2023-04-20T16:50:49Z" duration-ms="8" status="PASS">
          <reporter-output>
          </reporter-output>
        </test-method> <!-- setup -->
        <test-method signature="addDataTests_TC01()[pri:0, instance:tests.DeleteDataTests@14bee915]" started-at="2023-04-20T16:50:49Z" name="addDataTests_TC01" finished-at="2023-04-20T16:50:53Z" duration-ms="4806" status="PASS">
          <reporter-output>
          </reporter-output>
        </test-method> <!-- addDataTests_TC01 -->
      </class> <!-- tests.DeleteDataTests -->
    </test> <!-- Default test -->
  </suite> <!-- Default suite -->
</testng-results>
